<?xml version="1.0" encoding="UTF-8"?>
<!-- Generated by org.testng.reporters.JUnitReportReporter -->
<testsuite hostname="DESKTOP-MHPIMKC" failures="0" tests="1" name="com.upstox.tests.HomePageTest" time="19.584" errors="0" timestamp="2022-04-28T09:41:52 IST" skipped="0">
  <testcase classname="com.upstox.tests.HomePageTest" name="validateBuyingFun" time="19.584"/>
  <system-out/>
</testsuite> <!-- com.upstox.tests.HomePageTest -->
